
> event-network-template@0.1.0 start
> react-scripts start

(node:25471) [DEP_WEBPACK_DEV_SERVER_ON_AFTER_SETUP_MIDDLEWARE] DeprecationWarning: 'onAfterSetupMiddleware' option is deprecated. Please use the 'setupMiddlewares' option.
(Use `node --trace-deprecation ...` to show where the warning was created)
(node:25471) [DEP_WEBPACK_DEV_SERVER_ON_BEFORE_SETUP_MIDDLEWARE] DeprecationWarning: 'onBeforeSetupMiddleware' option is deprecated. Please use the 'setupMiddlewares' option.
Starting the development server...

Compiled successfully!

You can now view event-network-template in the browser.

  Local:            http://localhost:3000
  On Your Network:  http://10.0.0.120:3000

Note that the development build is not optimized.
To create a production build, use npm run build.

webpack compiled successfully
Compiling...
Compiled successfully!
webpack compiled successfully
Compiling...
Compiled successfully!
webpack compiled successfully
Compiling...
Compiled successfully!
webpack compiled successfully
Compiling...
Compiled successfully!
webpack compiled successfully
Compiling...
Compiled successfully!
webpack compiled successfully
Compiling...
Compiled successfully!
webpack compiled successfully
Compiling...
Failed to compile.

[eslint] 
src/Components/NetworkExamplesPage.jsx
  Line 51:14:  'Navbar' is not defined  react/jsx-no-undef

Search for the keywords to learn more about each error.
ERROR in [eslint] 
src/Components/NetworkExamplesPage.jsx
  Line 51:14:  'Navbar' is not defined  react/jsx-no-undef

Search for the keywords to learn more about each error.

webpack compiled with 1 error
Compiling...
Compiled successfully!
webpack compiled successfully
Compiling...
Compiled successfully!
webpack compiled successfully
Compiling...
Compiled successfully!
webpack compiled successfully
Compiling...
Compiled successfully!
webpack compiled successfully
Compiling...
Compiled successfully!
webpack compiled successfully
Compiling...
Compiled successfully!
webpack compiled successfully
Compiling...
Compiled successfully!
webpack compiled successfully
Compiling...
Compiled successfully!
webpack compiled successfully
Compiling...
Compiled successfully!
webpack compiled successfully
Compiling...
Failed to compile.

[eslint] 
src/Components/UploadPanel.jsx
  Line 288:13:  'forms' is not defined  no-undef
  Line 292:14:  'forms' is not defined  no-undef

Search for the keywords to learn more about each error.
ERROR in [eslint] 
src/Components/UploadPanel.jsx
  Line 288:13:  'forms' is not defined  no-undef
  Line 292:14:  'forms' is not defined  no-undef

Search for the keywords to learn more about each error.

webpack compiled with 1 error
Compiling...
Failed to compile.

[eslint] 
src/Components/UploadPanel.jsx
  Line 288:13:  'forms' is not defined  no-undef
  Line 292:14:  'forms' is not defined  no-undef

Search for the keywords to learn more about each error.
ERROR in [eslint] 
src/Components/UploadPanel.jsx
  Line 288:13:  'forms' is not defined  no-undef
  Line 292:14:  'forms' is not defined  no-undef

Search for the keywords to learn more about each error.

webpack compiled with 1 error
Compiling...
Failed to compile.

[eslint] 
src/Components/UploadPanel.jsx
  Line 288:13:  'forms' is not defined  no-undef
  Line 292:14:  'forms' is not defined  no-undef

Search for the keywords to learn more about each error.
ERROR in [eslint] 
src/Components/UploadPanel.jsx
  Line 288:13:  'forms' is not defined  no-undef
  Line 292:14:  'forms' is not defined  no-undef

Search for the keywords to learn more about each error.

webpack compiled with 1 error
Compiling...
Compiled with warnings.

[eslint] 
src/Components/UploadPanel.jsx
  Line 19:10:  'loadingForms' is assigned a value but never used         no-unused-vars
  Line 150:9:  'toggleFormSelection' is assigned a value but never used  no-unused-vars

Search for the keywords to learn more about each warning.
To ignore, add // eslint-disable-next-line to the line before.

WARNING in [eslint] 
src/Components/UploadPanel.jsx
  Line 19:10:  'loadingForms' is assigned a value but never used         no-unused-vars
  Line 150:9:  'toggleFormSelection' is assigned a value but never used  no-unused-vars

webpack compiled with 1 warning
Compiling...
Failed to compile.

[eslint] 
src/Components/UploadPanel.jsx
  Line 61:5:  'setLoadingForms' is not defined  no-undef

Search for the keywords to learn more about each error.
WARNING in [eslint] 
src/Components/UploadPanel.jsx
  Line 18:25:  'setSelectedForms' is assigned a value but never used  no-unused-vars

ERROR in [eslint] 
src/Components/UploadPanel.jsx
  Line 61:5:  'setLoadingForms' is not defined  no-undef

Search for the keywords to learn more about each error.

webpack compiled with 1 error and 1 warning
Compiling...
Compiled with warnings.

[eslint] 
src/Components/UploadPanel.jsx
  Line 18:25:  'setSelectedForms' is assigned a value but never used  no-unused-vars

Search for the keywords to learn more about each warning.
To ignore, add // eslint-disable-next-line to the line before.

WARNING in [eslint] 
src/Components/UploadPanel.jsx
  Line 18:25:  'setSelectedForms' is assigned a value but never used  no-unused-vars

webpack compiled with 1 warning
Compiling...
Compiled with warnings.

[eslint] 
src/Components/UploadPanel.jsx
  Line 18:10:  'selectedForms' is assigned a value but never used     no-unused-vars
  Line 18:25:  'setSelectedForms' is assigned a value but never used  no-unused-vars

Search for the keywords to learn more about each warning.
To ignore, add // eslint-disable-next-line to the line before.

WARNING in [eslint] 
src/Components/UploadPanel.jsx
  Line 18:10:  'selectedForms' is assigned a value but never used     no-unused-vars
  Line 18:25:  'setSelectedForms' is assigned a value but never used  no-unused-vars

webpack compiled with 1 warning
Compiling...
Compiled successfully!
webpack compiled successfully
Compiling...
Compiled successfully!
webpack compiled successfully
